<?xml version="1.0" encoding="UTF-8"?>
<robot generator="Robot 4.0.3 (Python 3.9.2 on win32)" generated="20210620 08:01:06.863" rpa="false" schemaversion="2">
<suite id="s1" name="Test" source="D:\Software Testing\Projects\playbot\test\robot\test.robot">
<test id="s1-t1" name="Start browser, context and page and close">
<kw name="Start Browser" library="Playbot">
<arg>headless=${False}</arg>
<status status="PASS" starttime="20210620 08:01:06.929" endtime="20210620 08:01:07.388"/>
</kw>
<kw name="New Context" library="Playbot">
<status status="PASS" starttime="20210620 08:01:07.388" endtime="20210620 08:01:07.395"/>
</kw>
<kw name="New Page" library="Playbot">
<status status="PASS" starttime="20210620 08:01:07.395" endtime="20210620 08:01:07.668"/>
</kw>
<kw name="Close" library="Playbot">
<status status="PASS" starttime="20210620 08:01:07.668" endtime="20210620 08:01:07.837"/>
</kw>
<doc>get it running</doc>
<status status="PASS" starttime="20210620 08:01:06.929" endtime="20210620 08:01:07.838"/>
</test>
<status status="PASS" starttime="20210620 08:01:06.865" endtime="20210620 08:01:07.839"/>
</suite>
<statistics>
<total>
<stat pass="1" fail="0" skip="0">All Tests</stat>
</total>
<tag>
</tag>
<suite>
<stat pass="1" fail="0" skip="0" id="s1" name="Test">Test</stat>
</suite>
</statistics>
<errors>
</errors>
</robot>
